<?xml version="1.0" encoding="UTF-8"?>
<testng-results skipped="0" failed="1" ignored="0" total="3" passed="2">
  <reporter-output>
    <line>
      <![CDATA[Extent Report Directory/Users/renxing/Assessment/automationpractice/target/surefire-reports/html]]>
    </line>
    <line>
      <![CDATA[CLick Sign In Button]]>
    </line>
    <line>
      <![CDATA[Clicked Sign In Button]]>
    </line>
    <line>
      <![CDATA[Send text to email address box]]>
    </line>
    <line>
      <![CDATA[Text Sent to email address box]]>
    </line>
    <line>
      <![CDATA[Send text to password box]]>
    </line>
    <line>
      <![CDATA[Text Sent to password box]]>
    </line>
    <line>
      <![CDATA[CLick submit button]]>
    </line>
    <line>
      <![CDATA[Clicked submit button]]>
    </line>
    <line>
      <![CDATA[Getting Text from errorMessage]]>
    </line>
    <line>
      <![CDATA[Actual text: There is 1 error]]>
    </line>
    <line>
      <![CDATA[CLick Sign In Button]]>
    </line>
    <line>
      <![CDATA[Clicked Sign In Button]]>
    </line>
    <line>
      <![CDATA[Send text to email address box]]>
    </line>
    <line>
      <![CDATA[Text Sent to email address box]]>
    </line>
    <line>
      <![CDATA[Send text to password box]]>
    </line>
    <line>
      <![CDATA[Text Sent to password box]]>
    </line>
    <line>
      <![CDATA[CLick submit button]]>
    </line>
    <line>
      <![CDATA[Clicked submit button]]>
    </line>
    <line>
      <![CDATA[Getting Text from errorMessage]]>
    </line>
    <line>
      <![CDATA[CLick Sign In Button]]>
    </line>
    <line>
      <![CDATA[Clicked Sign In Button]]>
    </line>
    <line>
      <![CDATA[Send text to email address box]]>
    </line>
    <line>
      <![CDATA[Text Sent to email address box]]>
    </line>
    <line>
      <![CDATA[Send text to password box]]>
    </line>
    <line>
      <![CDATA[Text Sent to password box]]>
    </line>
    <line>
      <![CDATA[CLick submit button]]>
    </line>
    <line>
      <![CDATA[Clicked submit button]]>
    </line>
    <line>
      <![CDATA[Getting Text from errorMessage]]>
    </line>
    <line>
      <![CDATA[Actual text: There is 1 error]]>
    </line>
  </reporter-output>
  <suite name="Automation Test" duration-ms="100572" started-at="2021-04-13T01:26:17Z" finished-at="2021-04-13T01:27:58Z">
    <groups>
    </groups>
    <test name="Ecommerce Home" duration-ms="100572" started-at="2021-04-13T01:26:17Z" finished-at="2021-04-13T01:27:58Z">
      <class name="page_objects_test.LoginPageTest">
        <test-method status="PASS" signature="extentSetup(org.testng.ITestContext)[pri:0, instance:page_objects_test.LoginPageTest@4de8b406]" name="extentSetup" is-config="true" duration-ms="349" started-at="2021-04-12T21:26:17Z" finished-at="2021-04-12T21:26:17Z">
          <params>
            <param index="0">
              <value>
                <![CDATA[org.testng.TestRunner@213e3629]]>
              </value>
            </param>
          </params>
          <reporter-output>
            <line>
              <![CDATA[Extent Report Directory/Users/renxing/Assessment/automationpractice/target/surefire-reports/html]]>
            </line>
          </reporter-output>
        </test-method> <!-- extentSetup -->
        <test-method status="PASS" signature="setUp(boolean, java.lang.String, java.lang.String, java.lang.String, java.lang.String, java.lang.String, java.lang.String)[pri:0, instance:page_objects_test.LoginPageTest@4de8b406]" name="setUp" is-config="true" duration-ms="10463" started-at="2021-04-12T21:26:19Z" finished-at="2021-04-12T21:26:29Z">
          <params>
            <param index="0">
              <value>
                <![CDATA[false]]>
              </value>
            </param>
            <param index="1">
              <value>
                <![CDATA[browserstack]]>
              </value>
            </param>
            <param index="2">
              <value>
                <![CDATA[mac]]>
              </value>
            </param>
            <param index="3">
              <value>
                <![CDATA[10]]>
              </value>
            </param>
            <param index="4">
              <value>
                <![CDATA[Chrome]]>
              </value>
            </param>
            <param index="5">
              <value>
                <![CDATA[81.0]]>
              </value>
            </param>
            <param index="6">
              <value>
                <![CDATA[http://automationpractice.com]]>
              </value>
            </param>
          </params>
          <reporter-output>
          </reporter-output>
        </test-method> <!-- setUp -->
        <test-method status="PASS" signature="startExtent(java.lang.reflect.Method)[pri:0, instance:page_objects_test.LoginPageTest@4de8b406]" name="startExtent" is-config="true" duration-ms="6" started-at="2021-04-12T21:26:29Z" finished-at="2021-04-12T21:26:29Z">
          <params>
            <param index="0">
              <value>
                <![CDATA[public void page_objects_test.LoginPageTest.loginTest(java.lang.String,java.lang.String,java.lang.String)]]>
              </value>
            </param>
          </params>
          <reporter-output>
          </reporter-output>
        </test-method> <!-- startExtent -->
        <test-method status="PASS" signature="initializationOfElements()[pri:0, instance:page_objects_test.LoginPageTest@4de8b406]" name="initializationOfElements" is-config="true" duration-ms="51" started-at="2021-04-12T21:26:29Z" finished-at="2021-04-12T21:26:29Z">
          <reporter-output>
          </reporter-output>
        </test-method> <!-- initializationOfElements -->
        <test-method status="PASS" signature="loginTest(java.lang.String, java.lang.String, java.lang.String)[pri:0, instance:page_objects_test.LoginPageTest@4de8b406]" name="loginTest" duration-ms="3052" started-at="2021-04-12T21:26:29Z" data-provider="readData" finished-at="2021-04-12T21:26:32Z">
          <params>
            <param index="0">
              <value>
                <![CDATA[jah@gmail.com]]>
              </value>
            </param>
            <param index="1">
              <value>
                <![CDATA[hello]]>
              </value>
            </param>
            <param index="2">
              <value>
                <![CDATA[There is 1 error]]>
              </value>
            </param>
          </params>
          <reporter-output>
            <line>
              <![CDATA[CLick Sign In Button]]>
            </line>
            <line>
              <![CDATA[Clicked Sign In Button]]>
            </line>
            <line>
              <![CDATA[Send text to email address box]]>
            </line>
            <line>
              <![CDATA[Text Sent to email address box]]>
            </line>
            <line>
              <![CDATA[Send text to password box]]>
            </line>
            <line>
              <![CDATA[Text Sent to password box]]>
            </line>
            <line>
              <![CDATA[CLick submit button]]>
            </line>
            <line>
              <![CDATA[Clicked submit button]]>
            </line>
            <line>
              <![CDATA[Getting Text from errorMessage]]>
            </line>
            <line>
              <![CDATA[Actual text: There is 1 error]]>
            </line>
          </reporter-output>
        </test-method> <!-- loginTest -->
        <test-method status="PASS" signature="afterEachTestMethod(org.testng.ITestResult)[pri:0, instance:page_objects_test.LoginPageTest@4de8b406]" name="afterEachTestMethod" is-config="true" duration-ms="1178" started-at="2021-04-12T21:26:32Z" finished-at="2021-04-12T21:26:34Z">
          <params>
            <param index="0">
              <value>
                <![CDATA[[TestResult name=loginTest status=SUCCESS method=LoginPageTest.loginTest(java.lang.String, java.lang.String, java.lang.String)[pri:0, instance:page_objects_test.LoginPageTest@4de8b406] output=CLick Sign In Button]]]>
              </value>
            </param>
          </params>
          <reporter-output>
          </reporter-output>
        </test-method> <!-- afterEachTestMethod -->
        <test-method status="PASS" signature="closeOut()[pri:0, instance:page_objects_test.LoginPageTest@4de8b406]" name="closeOut" is-config="true" duration-ms="0" started-at="2021-04-12T21:26:34Z" finished-at="2021-04-12T21:26:34Z">
          <reporter-output>
          </reporter-output>
        </test-method> <!-- closeOut -->
        <test-method status="PASS" signature="setUp(boolean, java.lang.String, java.lang.String, java.lang.String, java.lang.String, java.lang.String, java.lang.String)[pri:0, instance:page_objects_test.LoginPageTest@4de8b406]" name="setUp" is-config="true" duration-ms="8199" started-at="2021-04-12T21:26:34Z" finished-at="2021-04-12T21:26:42Z">
          <params>
            <param index="0">
              <value>
                <![CDATA[false]]>
              </value>
            </param>
            <param index="1">
              <value>
                <![CDATA[browserstack]]>
              </value>
            </param>
            <param index="2">
              <value>
                <![CDATA[mac]]>
              </value>
            </param>
            <param index="3">
              <value>
                <![CDATA[10]]>
              </value>
            </param>
            <param index="4">
              <value>
                <![CDATA[Chrome]]>
              </value>
            </param>
            <param index="5">
              <value>
                <![CDATA[81.0]]>
              </value>
            </param>
            <param index="6">
              <value>
                <![CDATA[http://automationpractice.com]]>
              </value>
            </param>
          </params>
          <reporter-output>
          </reporter-output>
        </test-method> <!-- setUp -->
        <test-method status="PASS" signature="startExtent(java.lang.reflect.Method)[pri:0, instance:page_objects_test.LoginPageTest@4de8b406]" name="startExtent" is-config="true" duration-ms="0" started-at="2021-04-12T21:26:42Z" finished-at="2021-04-12T21:26:42Z">
          <params>
            <param index="0">
              <value>
                <![CDATA[public void page_objects_test.LoginPageTest.loginTest(java.lang.String,java.lang.String,java.lang.String)]]>
              </value>
            </param>
          </params>
          <reporter-output>
          </reporter-output>
        </test-method> <!-- startExtent -->
        <test-method status="PASS" signature="initializationOfElements()[pri:0, instance:page_objects_test.LoginPageTest@4de8b406]" name="initializationOfElements" is-config="true" duration-ms="2" started-at="2021-04-12T21:26:42Z" finished-at="2021-04-12T21:26:42Z">
          <reporter-output>
          </reporter-output>
        </test-method> <!-- initializationOfElements -->
        <test-method status="FAIL" signature="loginTest(java.lang.String, java.lang.String, java.lang.String)[pri:0, instance:page_objects_test.LoginPageTest@4de8b406]" name="loginTest" duration-ms="62650" started-at="2021-04-12T21:26:42Z" data-provider="readData" finished-at="2021-04-12T21:27:44Z">
          <params>
            <param index="0">
              <value>
                <![CDATA[jggg@gmail.com]]>
              </value>
            </param>
            <param index="1">
              <value>
                <![CDATA[Hi3345]]>
              </value>
            </param>
            <param index="2">
              <value>
                <![CDATA[There is 1 error]]>
              </value>
            </param>
          </params>
          <exception class="org.openqa.selenium.NoSuchElementException">
            <message>
              <![CDATA[no such element: Unable to locate element: {"method":"css selector","selector":"#center_column > div.alert.alert-danger > p"}
  (Session info: chrome=89.0.4389.114)
For documentation on this error, please visit: http://seleniumhq.org/exceptions/no_such_element.html
Build info: version: '3.14.0', revision: 'aacccce0', time: '2018-08-02T20:19:58.91Z'
System info: host: 'renxings-MacBook-Pro.local', ip: 'fe80:0:0:0:1082:f3a4:3939:b4aa%en0', os.name: 'Mac OS X', os.arch: 'x86_64', os.version: '10.15.7', java.version: '1.8.0_181'
Driver info: org.openqa.selenium.chrome.ChromeDriver
Capabilities {acceptInsecureCerts: false, browserName: chrome, browserVersion: 89.0.4389.114, chrome: {chromedriverVersion: 89.0.4389.23 (61b08ee2c5002..., userDataDir: /var/folders/7g/ws5g3nd51wz...}, goog:chromeOptions: {debuggerAddress: localhost:61543}, javascriptEnabled: true, networkConnectionEnabled: false, pageLoadStrategy: normal, platform: MAC, platformName: MAC, proxy: Proxy(), setWindowRect: true, strictFileInteractability: false, timeouts: {implicit: 0, pageLoad: 300000, script: 30000}, unhandledPromptBehavior: dismiss and notify, webauthn:extension:largeBlob: true, webauthn:virtualAuthenticators: true}
Session ID: 5c2d9bb55c374eee3f361b9c702e4ea7
*** Element info: {Using=css selector, value=#center_column > div.alert.alert-danger > p}]]>
            </message>
            <full-stacktrace>
              <![CDATA[org.openqa.selenium.NoSuchElementException: no such element: Unable to locate element: {"method":"css selector","selector":"#center_column > div.alert.alert-danger > p"}
  (Session info: chrome=89.0.4389.114)
For documentation on this error, please visit: http://seleniumhq.org/exceptions/no_such_element.html
Build info: version: '3.14.0', revision: 'aacccce0', time: '2018-08-02T20:19:58.91Z'
System info: host: 'renxings-MacBook-Pro.local', ip: 'fe80:0:0:0:1082:f3a4:3939:b4aa%en0', os.name: 'Mac OS X', os.arch: 'x86_64', os.version: '10.15.7', java.version: '1.8.0_181'
Driver info: org.openqa.selenium.chrome.ChromeDriver
Capabilities {acceptInsecureCerts: false, browserName: chrome, browserVersion: 89.0.4389.114, chrome: {chromedriverVersion: 89.0.4389.23 (61b08ee2c5002..., userDataDir: /var/folders/7g/ws5g3nd51wz...}, goog:chromeOptions: {debuggerAddress: localhost:61543}, javascriptEnabled: true, networkConnectionEnabled: false, pageLoadStrategy: normal, platform: MAC, platformName: MAC, proxy: Proxy(), setWindowRect: true, strictFileInteractability: false, timeouts: {implicit: 0, pageLoad: 300000, script: 30000}, unhandledPromptBehavior: dismiss and notify, webauthn:extension:largeBlob: true, webauthn:virtualAuthenticators: true}
Session ID: 5c2d9bb55c374eee3f361b9c702e4ea7
*** Element info: {Using=css selector, value=#center_column > div.alert.alert-danger > p}
	at sun.reflect.NativeConstructorAccessorImpl.newInstance0(Native Method)
	at sun.reflect.NativeConstructorAccessorImpl.newInstance(NativeConstructorAccessorImpl.java:62)
	at sun.reflect.DelegatingConstructorAccessorImpl.newInstance(DelegatingConstructorAccessorImpl.java:45)
	at java.lang.reflect.Constructor.newInstance(Constructor.java:423)
	at org.openqa.selenium.remote.http.W3CHttpResponseCodec.createException(W3CHttpResponseCodec.java:187)
	at org.openqa.selenium.remote.http.W3CHttpResponseCodec.decode(W3CHttpResponseCodec.java:122)
	at org.openqa.selenium.remote.http.W3CHttpResponseCodec.decode(W3CHttpResponseCodec.java:49)
	at org.openqa.selenium.remote.HttpCommandExecutor.execute(HttpCommandExecutor.java:158)
	at org.openqa.selenium.remote.service.DriverCommandExecutor.execute(DriverCommandExecutor.java:83)
	at org.openqa.selenium.remote.RemoteWebDriver.execute(RemoteWebDriver.java:548)
	at org.openqa.selenium.remote.RemoteWebDriver.findElement(RemoteWebDriver.java:322)
	at org.openqa.selenium.remote.RemoteWebDriver.findElementByCssSelector(RemoteWebDriver.java:416)
	at org.openqa.selenium.By$ByCssSelector.findElement(By.java:431)
	at org.openqa.selenium.remote.RemoteWebDriver.findElement(RemoteWebDriver.java:314)
	at org.openqa.selenium.support.pagefactory.DefaultElementLocator.findElement(DefaultElementLocator.java:69)
	at org.openqa.selenium.support.pagefactory.internal.LocatingElementHandler.invoke(LocatingElementHandler.java:38)
	at com.sun.proxy.$Proxy12.getText(Unknown Source)
	at application_page_base.ApplicationPageBase.getText(ApplicationPageBase.java:43)
	at page_objects.LoginPage.getErroMessage(LoginPage.java:48)
	at page_objects_test.LoginPageTest.loginTest(LoginPageTest.java:51)
	at sun.reflect.NativeMethodAccessorImpl.invoke0(Native Method)
	at sun.reflect.NativeMethodAccessorImpl.invoke(NativeMethodAccessorImpl.java:62)
	at sun.reflect.DelegatingMethodAccessorImpl.invoke(DelegatingMethodAccessorImpl.java:43)
	at java.lang.reflect.Method.invoke(Method.java:498)
	at org.testng.internal.MethodInvocationHelper.invokeMethod(MethodInvocationHelper.java:108)
	at org.testng.internal.Invoker.invokeMethod(Invoker.java:661)
	at org.testng.internal.Invoker.invokeTestMethod(Invoker.java:869)
	at org.testng.internal.Invoker.invokeTestMethods(Invoker.java:1193)
	at org.testng.internal.TestMethodWorker.invokeTestMethods(TestMethodWorker.java:126)
	at org.testng.internal.TestMethodWorker.run(TestMethodWorker.java:109)
	at org.testng.TestRunner.privateRun(TestRunner.java:744)
	at org.testng.TestRunner.run(TestRunner.java:602)
	at org.testng.SuiteRunner.runTest(SuiteRunner.java:380)
	at org.testng.SuiteRunner.runSequentially(SuiteRunner.java:375)
	at org.testng.SuiteRunner.privateRun(SuiteRunner.java:340)
	at org.testng.SuiteRunner.run(SuiteRunner.java:289)
	at org.testng.SuiteRunnerWorker.runSuite(SuiteRunnerWorker.java:52)
	at org.testng.SuiteRunnerWorker.run(SuiteRunnerWorker.java:86)
	at org.testng.TestNG.runSuitesSequentially(TestNG.java:1301)
	at org.testng.TestNG.runSuitesLocally(TestNG.java:1226)
	at org.testng.TestNG.runSuites(TestNG.java:1144)
	at org.testng.TestNG.run(TestNG.java:1115)
	at org.apache.maven.surefire.testng.TestNGExecutor.run(TestNGExecutor.java:283)
	at org.apache.maven.surefire.testng.TestNGXmlTestSuite.execute(TestNGXmlTestSuite.java:75)
	at org.apache.maven.surefire.testng.TestNGProvider.invoke(TestNGProvider.java:120)
	at org.apache.maven.surefire.booter.ForkedBooter.invokeProviderInSameClassLoader(ForkedBooter.java:373)
	at org.apache.maven.surefire.booter.ForkedBooter.runSuitesInProcess(ForkedBooter.java:334)
	at org.apache.maven.surefire.booter.ForkedBooter.execute(ForkedBooter.java:119)
	at org.apache.maven.surefire.booter.ForkedBooter.main(ForkedBooter.java:407)
]]>
            </full-stacktrace>
          </exception> <!-- org.openqa.selenium.NoSuchElementException -->
          <reporter-output>
            <line>
              <![CDATA[CLick Sign In Button]]>
            </line>
            <line>
              <![CDATA[Clicked Sign In Button]]>
            </line>
            <line>
              <![CDATA[Send text to email address box]]>
            </line>
            <line>
              <![CDATA[Text Sent to email address box]]>
            </line>
            <line>
              <![CDATA[Send text to password box]]>
            </line>
            <line>
              <![CDATA[Text Sent to password box]]>
            </line>
            <line>
              <![CDATA[CLick submit button]]>
            </line>
            <line>
              <![CDATA[Clicked submit button]]>
            </line>
            <line>
              <![CDATA[Getting Text from errorMessage]]>
            </line>
          </reporter-output>
        </test-method> <!-- loginTest -->
        <test-method status="PASS" signature="afterEachTestMethod(org.testng.ITestResult)[pri:0, instance:page_objects_test.LoginPageTest@4de8b406]" name="afterEachTestMethod" is-config="true" duration-ms="1874" started-at="2021-04-12T21:27:44Z" finished-at="2021-04-12T21:27:46Z">
          <params>
            <param index="0">
              <value>
                <![CDATA[[TestResult name=loginTest status=FAILURE method=LoginPageTest.loginTest(java.lang.String, java.lang.String, java.lang.String)[pri:0, instance:page_objects_test.LoginPageTest@4de8b406] output=CLick Sign In Button]]]>
              </value>
            </param>
          </params>
          <reporter-output>
          </reporter-output>
        </test-method> <!-- afterEachTestMethod -->
        <test-method status="PASS" signature="closeOut()[pri:0, instance:page_objects_test.LoginPageTest@4de8b406]" name="closeOut" is-config="true" duration-ms="0" started-at="2021-04-12T21:27:46Z" finished-at="2021-04-12T21:27:46Z">
          <reporter-output>
          </reporter-output>
        </test-method> <!-- closeOut -->
        <test-method status="PASS" signature="setUp(boolean, java.lang.String, java.lang.String, java.lang.String, java.lang.String, java.lang.String, java.lang.String)[pri:0, instance:page_objects_test.LoginPageTest@4de8b406]" name="setUp" is-config="true" duration-ms="7424" started-at="2021-04-12T21:27:46Z" finished-at="2021-04-12T21:27:54Z">
          <params>
            <param index="0">
              <value>
                <![CDATA[false]]>
              </value>
            </param>
            <param index="1">
              <value>
                <![CDATA[browserstack]]>
              </value>
            </param>
            <param index="2">
              <value>
                <![CDATA[mac]]>
              </value>
            </param>
            <param index="3">
              <value>
                <![CDATA[10]]>
              </value>
            </param>
            <param index="4">
              <value>
                <![CDATA[Chrome]]>
              </value>
            </param>
            <param index="5">
              <value>
                <![CDATA[81.0]]>
              </value>
            </param>
            <param index="6">
              <value>
                <![CDATA[http://automationpractice.com]]>
              </value>
            </param>
          </params>
          <reporter-output>
          </reporter-output>
        </test-method> <!-- setUp -->
        <test-method status="PASS" signature="startExtent(java.lang.reflect.Method)[pri:0, instance:page_objects_test.LoginPageTest@4de8b406]" name="startExtent" is-config="true" duration-ms="1" started-at="2021-04-12T21:27:54Z" finished-at="2021-04-12T21:27:54Z">
          <params>
            <param index="0">
              <value>
                <![CDATA[public void page_objects_test.LoginPageTest.loginTest(java.lang.String,java.lang.String,java.lang.String)]]>
              </value>
            </param>
          </params>
          <reporter-output>
          </reporter-output>
        </test-method> <!-- startExtent -->
        <test-method status="PASS" signature="initializationOfElements()[pri:0, instance:page_objects_test.LoginPageTest@4de8b406]" name="initializationOfElements" is-config="true" duration-ms="1" started-at="2021-04-12T21:27:54Z" finished-at="2021-04-12T21:27:54Z">
          <reporter-output>
          </reporter-output>
        </test-method> <!-- initializationOfElements -->
        <test-method status="PASS" signature="loginTest(java.lang.String, java.lang.String, java.lang.String)[pri:0, instance:page_objects_test.LoginPageTest@4de8b406]" name="loginTest" duration-ms="3672" started-at="2021-04-12T21:27:54Z" data-provider="readData" finished-at="2021-04-12T21:27:57Z">
          <params>
            <param index="0">
              <value>
                <![CDATA[asdf@gmail.com]]>
              </value>
            </param>
            <param index="1">
              <value>
                <![CDATA[H1234]]>
              </value>
            </param>
            <param index="2">
              <value>
                <![CDATA[There is 1 error]]>
              </value>
            </param>
          </params>
          <reporter-output>
            <line>
              <![CDATA[CLick Sign In Button]]>
            </line>
            <line>
              <![CDATA[Clicked Sign In Button]]>
            </line>
            <line>
              <![CDATA[Send text to email address box]]>
            </line>
            <line>
              <![CDATA[Text Sent to email address box]]>
            </line>
            <line>
              <![CDATA[Send text to password box]]>
            </line>
            <line>
              <![CDATA[Text Sent to password box]]>
            </line>
            <line>
              <![CDATA[CLick submit button]]>
            </line>
            <line>
              <![CDATA[Clicked submit button]]>
            </line>
            <line>
              <![CDATA[Getting Text from errorMessage]]>
            </line>
            <line>
              <![CDATA[Actual text: There is 1 error]]>
            </line>
          </reporter-output>
        </test-method> <!-- loginTest -->
        <test-method status="PASS" signature="afterEachTestMethod(org.testng.ITestResult)[pri:0, instance:page_objects_test.LoginPageTest@4de8b406]" name="afterEachTestMethod" is-config="true" duration-ms="389" started-at="2021-04-12T21:27:57Z" finished-at="2021-04-12T21:27:58Z">
          <params>
            <param index="0">
              <value>
                <![CDATA[[TestResult name=loginTest status=SUCCESS method=LoginPageTest.loginTest(java.lang.String, java.lang.String, java.lang.String)[pri:0, instance:page_objects_test.LoginPageTest@4de8b406] output=CLick Sign In Button]]]>
              </value>
            </param>
          </params>
          <reporter-output>
          </reporter-output>
        </test-method> <!-- afterEachTestMethod -->
        <test-method status="PASS" signature="closeOut()[pri:0, instance:page_objects_test.LoginPageTest@4de8b406]" name="closeOut" is-config="true" duration-ms="0" started-at="2021-04-12T21:27:58Z" finished-at="2021-04-12T21:27:58Z">
          <reporter-output>
          </reporter-output>
        </test-method> <!-- closeOut -->
        <test-method status="PASS" signature="generateReport()[pri:0, instance:page_objects_test.LoginPageTest@4de8b406]" name="generateReport" is-config="true" duration-ms="240" started-at="2021-04-12T21:27:58Z" finished-at="2021-04-12T21:27:58Z">
          <reporter-output>
          </reporter-output>
        </test-method> <!-- generateReport -->
      </class> <!-- page_objects_test.LoginPageTest -->
    </test> <!-- Ecommerce Home -->
  </suite> <!-- Automation Test -->
</testng-results>
